<?xml version="1.0" encoding="UTF-8" ?>
<testsuite tests="26" failures="0" name="testSU.runner.TestRunner" time="0.008" errors="0" skipped="0">
  <properties>
[...]
</properties>
  <testcase classname="| sri@gmail.com | password |" name="Given Navigate to home page" time="0.004"/>
  <testcase classname="| sri@gmail.com | password |" name="Then Check whether username, password and login button is present" time="0"/>
  <testcase classname="| sri@gmail.com | password |" name="And Input email address sri@gmail.com and password password into the respective fields" time="0"/>
  <testcase classname="| sri@gmail.com | password |" name="| sri@gmail.com | password |" time="0.003"/>
  <testcase classname="Scenario: Listgroup check Test 2" name="Given Navigate to home page" time="0"/>
  <testcase classname="Scenario: Listgroup check Test 2" name="When Check whether there are three values in the listgroup" time="0"/>
  <testcase classname="Scenario: Listgroup check Test 2" name="And check the second list item&apos;s value is set to &quot;List Item 2&quot;" time="0"/>
  <testcase classname="Scenario: Listgroup check Test 2" name="Then Check whether the second list item&apos;s badge value is 6" time="0"/>
  <testcase classname="Scenario: Listgroup check Test 2" name="Scenario: Listgroup check Test 2" time="0"/>
  <testcase classname="Scenario: Listgroup check Test 3" name="Given Navigate to home page" time="0"/>
  <testcase classname="Scenario: Listgroup check Test 3" name="When Check Option 1 is the default selected value" time="0"/>
  <testcase classname="Scenario: Listgroup check Test 3" name="Then Select Option 3 from the select list" time="0"/>
  <testcase classname="Scenario: Listgroup check Test 3" name="Scenario: Listgroup check Test 3" time="0"/>
  <testcase classname="Scenario: Listgroup check Test 4" name="Given Navigate to home page" time="0"/>
  <testcase classname="Scenario: Listgroup check Test 4" name="Then Check that the first button is enabled and that the second button is disabled" time="0"/>
  <testcase classname="Scenario: Listgroup check Test 4" name="Scenario: Listgroup check Test 4" time="0.001"/>
  <testcase classname="Scenario: Listgroup check Test 5" name="Given Navigate to home page" time="0"/>
  <testcase classname="Scenario: Listgroup check Test 5" name="When Click on the button once it&apos;s displayed" time="0"/>
  <testcase classname="Scenario: Listgroup check Test 5" name="And Once you&apos;ve clicked the button, check that a success message is displayed" time="0"/>
  <testcase classname="Scenario: Listgroup check Test 5" name="Then Check that the button is now disabled" time="0"/>
  <testcase classname="Scenario: Listgroup check Test 5" name="Scenario: Listgroup check Test 5" time="0"/>
  <testcase classname="Scenario: Listgroup check Test 6" name="Given Navigate to home page" time="0"/>
  <testcase classname="Scenario: Listgroup check Test 6" name="When Find the value of any cell on the grid" time="0"/>
  <testcase classname="Scenario: Listgroup check Test 6" name="And Find the value of the cell at coordinates 2, 2" time="0"/>
  <testcase classname="Scenario: Listgroup check Test 6" name="Then Check whether the value of the cell is &quot;Ventosanzap&quot;" time="0"/>
  <testcase classname="Scenario: Listgroup check Test 6" name="Scenario: Listgroup check Test 6" time="0"/>
</testsuite>